This file contains any messages produced by compilers while
running configure, to aid debugging if configure makes a mistake.

It was created by fold configure 1.0, which was
generated by GNU Autoconf 2.69.  Invocation command line was

  $ ./configure 

## --------- ##
## Platform. ##
## --------- ##

hostname = cvm1
uname -m = x86_64
uname -r = 3.10.0-1062.1.1.el7.x86_64
uname -s = Linux
uname -v = #1 SMP Fri Sep 13 22:55:44 UTC 2019

/usr/bin/uname -p = x86_64
/bin/uname -X     = unknown

/bin/arch              = x86_64
/usr/bin/arch -k       = unknown
/usr/convex/getsysinfo = unknown
/usr/bin/hostinfo      = unknown
/bin/machine           = unknown
/usr/bin/oslevel       = unknown
/bin/universe          = unknown

PATH: /u01/app/oracle/product/11.2.0/xe/bin
PATH: /DATA/usr/kkv/INSTALL/anaconda3/bin
PATH: /usr/local/bin
PATH: /usr/bin
PATH: /usr/local/sbin
PATH: /usr/sbin
PATH: .


## ----------- ##
## Core tests. ##
## ----------- ##

configure:1831: checking for a BSD-compatible install
configure:1899: result: /usr/bin/install -c
configure:1910: checking whether build environment is sane
configure:1965: result: yes
configure:2116: checking for a thread-safe mkdir -p
configure:2155: result: /usr/bin/mkdir -p
configure:2162: checking for gawk
configure:2178: found /usr/bin/gawk
configure:2189: result: gawk
configure:2200: checking whether make sets $(MAKE)
configure:2222: result: yes
configure:2251: checking whether make supports nested variables
configure:2268: result: yes
configure:2400: checking for gcc
configure:2416: found /usr/bin/gcc
configure:2427: result: gcc
configure:2656: checking for C compiler version
configure:2665: gcc --version >&5
gcc (GCC) 4.8.5 20150623 (Red Hat 4.8.5-39)
Copyright (C) 2015 Free Software Foundation, Inc.
This is free software; see the source for copying conditions.  There is NO
warranty; not even for MERCHANTABILITY or FITNESS FOR A PARTICULAR PURPOSE.

configure:2676: $? = 0
configure:2665: gcc -v >&5
Using built-in specs.
COLLECT_GCC=gcc
COLLECT_LTO_WRAPPER=/usr/libexec/gcc/x86_64-redhat-linux/4.8.5/lto-wrapper
Target: x86_64-redhat-linux
Configured with: ../configure --prefix=/usr --mandir=/usr/share/man --infodir=/usr/share/info --with-bugurl=http://bugzilla.redhat.com/bugzilla --enable-bootstrap --enable-shared --enable-threads=posix --enable-checking=release --with-system-zlib --enable-__cxa_atexit --disable-libunwind-exceptions --enable-gnu-unique-object --enable-linker-build-id --with-linker-hash-style=gnu --enable-languages=c,c++,objc,obj-c++,java,fortran,ada,go,lto --enable-plugin --enable-initfini-array --disable-libgcj --with-isl=/builddir/build/BUILD/gcc-4.8.5-20150702/obj-x86_64-redhat-linux/isl-install --with-cloog=/builddir/build/BUILD/gcc-4.8.5-20150702/obj-x86_64-redhat-linux/cloog-install --enable-gnu-indirect-function --with-tune=generic --with-arch_32=x86-64 --build=x86_64-redhat-linux
Thread model: posix
gcc version 4.8.5 20150623 (Red Hat 4.8.5-39) (GCC) 
configure:2676: $? = 0
configure:2665: gcc -V >&5
gcc: error: unrecognized command line option '-V'
gcc: fatal error: no input files
compilation terminated.
configure:2676: $? = 4
configure:2665: gcc -qversion >&5
gcc: error: unrecognized command line option '-qversion'
gcc: fatal error: no input files
compilation terminated.
configure:2676: $? = 4
configure:2696: checking whether the C compiler works
configure:2718: gcc    conftest.c  >&5
configure:2722: $? = 0
configure:2770: result: yes
configure:2773: checking for C compiler default output file name
configure:2775: result: a.out
configure:2781: checking for suffix of executables
configure:2788: gcc -o conftest    conftest.c  >&5
configure:2792: $? = 0
configure:2814: result: 
configure:2836: checking whether we are cross compiling
configure:2844: gcc -o conftest    conftest.c  >&5
configure:2848: $? = 0
configure:2855: ./conftest
configure:2859: $? = 0
configure:2874: result: no
configure:2879: checking for suffix of object files
configure:2901: gcc -c   conftest.c >&5
configure:2905: $? = 0
configure:2926: result: o
configure:2930: checking whether we are using the GNU C compiler
configure:2949: gcc -c   conftest.c >&5
configure:2949: $? = 0
configure:2958: result: yes
configure:2967: checking whether gcc accepts -g
configure:2987: gcc -c -g  conftest.c >&5
configure:2987: $? = 0
configure:3028: result: yes
configure:3045: checking for gcc option to accept ISO C89
configure:3108: gcc  -c -g -O2  conftest.c >&5
configure:3108: $? = 0
configure:3121: result: none needed
configure:3152: checking for style of include used by make
configure:3180: result: GNU
configure:3206: checking dependency style of gcc
configure:3317: result: gcc3
configure:3445: checking that generated files are newer than configure
configure:3451: result: done
configure:3474: creating ./config.status

## ---------------------- ##
## Running config.status. ##
## ---------------------- ##

This file was extended by fold config.status 1.0, which was
generated by GNU Autoconf 2.69.  Invocation command line was

  CONFIG_FILES    = 
  CONFIG_HEADERS  = 
  CONFIG_LINKS    = 
  CONFIG_COMMANDS = 
  $ ./config.status 

on cvm1

config.status:840: creating Makefile
config.status:840: creating src/Makefile
config.status:840: creating config.h
config.status:1069: executing depfiles commands

## ---------------- ##
## Cache variables. ##
## ---------------- ##

ac_cv_c_compiler_gnu=yes
ac_cv_env_CC_set=
ac_cv_env_CC_value=
ac_cv_env_CFLAGS_set=
ac_cv_env_CFLAGS_value=
ac_cv_env_CPPFLAGS_set=
ac_cv_env_CPPFLAGS_value=
ac_cv_env_LDFLAGS_set=
ac_cv_env_LDFLAGS_value=
ac_cv_env_LIBS_set=
ac_cv_env_LIBS_value=
ac_cv_env_build_alias_set=
ac_cv_env_build_alias_value=
ac_cv_env_host_alias_set=
ac_cv_env_host_alias_value=
ac_cv_env_target_alias_set=
ac_cv_env_target_alias_value=
ac_cv_objext=o
ac_cv_path_install='/usr/bin/install -c'
ac_cv_path_mkdir=/usr/bin/mkdir
ac_cv_prog_AWK=gawk
ac_cv_prog_ac_ct_CC=gcc
ac_cv_prog_cc_c89=
ac_cv_prog_cc_g=yes
ac_cv_prog_make_make_set=yes
am_cv_CC_dependencies_compiler_type=gcc3
am_cv_make_support_nested_variables=yes

## ----------------- ##
## Output variables. ##
## ----------------- ##

ACLOCAL='${SHELL} /home/kkv/CODING_WORK/C/fold_lines/missing aclocal-1.13'
AMDEPBACKSLASH='\'
AMDEP_FALSE='#'
AMDEP_TRUE=''
AMTAR='$${TAR-tar}'
AM_BACKSLASH='\'
AM_DEFAULT_V='$(AM_DEFAULT_VERBOSITY)'
AM_DEFAULT_VERBOSITY='1'
AM_V='$(V)'
AUTOCONF='${SHELL} /home/kkv/CODING_WORK/C/fold_lines/missing autoconf'
AUTOHEADER='${SHELL} /home/kkv/CODING_WORK/C/fold_lines/missing autoheader'
AUTOMAKE='${SHELL} /home/kkv/CODING_WORK/C/fold_lines/missing automake-1.13'
AWK='gawk'
CC='gcc'
CCDEPMODE='depmode=gcc3'
CFLAGS='-g -O2'
CPPFLAGS=''
CYGPATH_W='echo'
DEFS='-DHAVE_CONFIG_H'
DEPDIR='.deps'
ECHO_C=''
ECHO_N='-n'
ECHO_T=''
EXEEXT=''
INSTALL_DATA='${INSTALL} -m 644'
INSTALL_PROGRAM='${INSTALL}'
INSTALL_SCRIPT='${INSTALL}'
INSTALL_STRIP_PROGRAM='$(install_sh) -c -s'
LDFLAGS=''
LIBOBJS=''
LIBS=''
LTLIBOBJS=''
MAKEINFO='${SHELL} /home/kkv/CODING_WORK/C/fold_lines/missing makeinfo'
MKDIR_P='/usr/bin/mkdir -p'
OBJEXT='o'
PACKAGE='fold'
PACKAGE_BUGREPORT='kuld.kkv@gmail.com'
PACKAGE_NAME='fold'
PACKAGE_STRING='fold 1.0'
PACKAGE_TARNAME='fold'
PACKAGE_URL=''
PACKAGE_VERSION='1.0'
PATH_SEPARATOR=':'
SET_MAKE=''
SHELL='/bin/sh'
STRIP=''
VERSION='1.0'
ac_ct_CC='gcc'
am__EXEEXT_FALSE=''
am__EXEEXT_TRUE='#'
am__fastdepCC_FALSE='#'
am__fastdepCC_TRUE=''
am__include='include'
am__isrc=''
am__leading_dot='.'
am__nodep='_no'
am__quote=''
am__tar='$${TAR-tar} chof - "$$tardir"'
am__untar='$${TAR-tar} xf -'
bindir='${exec_prefix}/bin'
build_alias=''
datadir='${datarootdir}'
datarootdir='${prefix}/share'
docdir='${datarootdir}/doc/${PACKAGE_TARNAME}'
dvidir='${docdir}'
exec_prefix='${prefix}'
host_alias=''
htmldir='${docdir}'
includedir='${prefix}/include'
infodir='${datarootdir}/info'
install_sh='${SHELL} /home/kkv/CODING_WORK/C/fold_lines/install-sh'
libdir='${exec_prefix}/lib'
libexecdir='${exec_prefix}/libexec'
localedir='${datarootdir}/locale'
localstatedir='${prefix}/var'
mandir='${datarootdir}/man'
mkdir_p='$(MKDIR_P)'
oldincludedir='/usr/include'
pdfdir='${docdir}'
prefix='/usr/local'
program_transform_name='s,x,x,'
psdir='${docdir}'
sbindir='${exec_prefix}/sbin'
sharedstatedir='${prefix}/com'
sysconfdir='${prefix}/etc'
target_alias=''

## ----------- ##
## confdefs.h. ##
## ----------- ##

/* confdefs.h */
#define PACKAGE_NAME "fold"
#define PACKAGE_TARNAME "fold"
#define PACKAGE_VERSION "1.0"
#define PACKAGE_STRING "fold 1.0"
#define PACKAGE_BUGREPORT "kuld.kkv@gmail.com"
#define PACKAGE_URL ""
#define PACKAGE "fold"
#define VERSION "1.0"

configure: exit 0
